<?xml version="1.0" encoding="utf-8"?><testsuites><testsuite name="pytest" errors="0" failures="0" skipped="0" tests="1" time="0.131" timestamp="2022-04-10T11:18:51.385431" hostname="Joes-MacBook-Air.local"><testcase classname="app.test_main" name="test_read_main" time="0.011" /></testsuite></testsuites>